<?xml version="1.0" encoding="UTF-8"?>
<testsuite name="ControllerTest" tests="5" skipped="0" failures="0" errors="0" timestamp="2021-01-10T18:53:04" hostname="princesslighty-WRT-WX9" time="0.857">
  <properties/>
  <testcase name="getAll()" classname="ControllerTest" time="0.755"/>
  <testcase name="update()" classname="ControllerTest" time="0.026"/>
  <testcase name="getById()" classname="ControllerTest" time="0.051"/>
  <testcase name="getAnimal()" classname="ControllerTest" time="0.008"/>
  <testcase name="createObservation()" classname="ControllerTest" time="0.013"/>
  <system-out><![CDATA[]]></system-out>
  <system-err><![CDATA[[Test worker] INFO io.javalin.Javalin - 
           __                      __ _
          / /____ _ _   __ ____ _ / /(_)____
     __  / // __ `/| | / // __ `// // // __ \
    / /_/ // /_/ / | |/ // /_/ // // // / / /
    \____/ \__,_/  |___/ \__,_//_//_//_/ /_/

        https://javalin.io/documentation

[Test worker] INFO org.eclipse.jetty.util.log - Logging initialized @1116ms to org.eclipse.jetty.util.log.Slf4jLog
[Test worker] INFO io.javalin.Javalin - Starting Javalin ...
[Test worker] INFO io.javalin.Javalin - Listening on http://localhost:4567/
[Test worker] INFO io.javalin.Javalin - Javalin started in 231ms \o/
]]></system-err>
</testsuite>
